2024-10-04 18:48:10.140  INFO 3772 --- [main] c.p.b.BankingapplicationApplication      : Starting BankingapplicationApplication using Java 17.0.11 on Wasim_Basha with PID 3772 (D:\Final Year Project\Career Compass\Back-End\bankingapplication\target\classes started by wasim in D:\Final Year Project\Career Compass\Back-End\bankingapplication)
2024-10-04 18:48:10.148 DEBUG 3772 --- [main] c.p.b.BankingapplicationApplication      : Running with Spring Boot v2.6.3, Spring v5.3.15
2024-10-04 18:48:10.149  INFO 3772 --- [main] c.p.b.BankingapplicationApplication      : No active profile set, falling back to default profiles: default
2024-10-04 18:48:10.737  INFO 3772 --- [main] .s.d.r.c.RepositoryConfigurationDelegate : Bootstrapping Spring Data JPA repositories in DEFAULT mode.
2024-10-04 18:48:10.807  INFO 3772 --- [main] .s.d.r.c.RepositoryConfigurationDelegate : Finished Spring Data repository scanning in 62 ms. Found 8 JPA repository interfaces.
2024-10-04 18:48:11.290  INFO 3772 --- [main] o.s.b.w.embedded.tomcat.TomcatWebServer  : Tomcat initialized with port(s): 8080 (http)
2024-10-04 18:48:11.298  INFO 3772 --- [main] o.apache.catalina.core.StandardService   : Starting service [Tomcat]
2024-10-04 18:48:11.298  INFO 3772 --- [main] org.apache.catalina.core.StandardEngine  : Starting Servlet engine: [Apache Tomcat/9.0.56]
2024-10-04 18:48:11.376  INFO 3772 --- [main] o.a.c.c.C.[.[localhost].[/ebanking]      : Initializing Spring embedded WebApplicationContext
2024-10-04 18:48:11.376  INFO 3772 --- [main] w.s.c.ServletWebServerApplicationContext : Root WebApplicationContext: initialization completed in 1175 ms
2024-10-04 18:48:11.543  INFO 3772 --- [main] o.hibernate.jpa.internal.util.LogHelper  : HHH000204: Processing PersistenceUnitInfo [name: default]
2024-10-04 18:48:11.651  INFO 3772 --- [main] org.hibernate.Version                    : HHH000412: Hibernate ORM core version 5.6.4.Final
2024-10-04 18:48:11.799  INFO 3772 --- [main] o.hibernate.annotations.common.Version   : HCANN000001: Hibernate Commons Annotations {5.1.2.Final}
2024-10-04 18:48:11.881  INFO 3772 --- [main] com.zaxxer.hikari.HikariDataSource       : HikariPool-1 - Starting...
2024-10-04 18:48:12.038  INFO 3772 --- [main] com.zaxxer.hikari.HikariDataSource       : HikariPool-1 - Start completed.
2024-10-04 18:48:12.060  INFO 3772 --- [main] org.hibernate.dialect.Dialect            : HHH000400: Using dialect: org.hibernate.dialect.MySQL8Dialect
2024-10-04 18:48:12.504  INFO 3772 --- [main] org.hibernate.tuple.PojoInstantiator     : HHH000182: No default (no-argument) constructor for class: com.project.bankingapplication.entity.BillerStatement (class must be instantiated by Interceptor)
2024-10-04 18:48:12.648  INFO 3772 --- [main] o.h.e.t.j.p.i.JtaPlatformInitiator       : HHH000490: Using JtaPlatform implementation: [org.hibernate.engine.transaction.jta.platform.internal.NoJtaPlatform]
2024-10-04 18:48:12.653  INFO 3772 --- [main] j.LocalContainerEntityManagerFactoryBean : Initialized JPA EntityManagerFactory for persistence unit 'default'
2024-10-04 18:48:13.059  WARN 3772 --- [main] ion$DefaultTemplateResolverConfiguration : Cannot find template location: classpath:/templates/ (please add some templates or check your Thymeleaf configuration)
2024-10-04 18:48:13.265  WARN 3772 --- [main] JpaBaseConfiguration$JpaWebConfiguration : spring.jpa.open-in-view is enabled by default. Therefore, database queries may be performed during view rendering. Explicitly configure spring.jpa.open-in-view to disable this warning
2024-10-04 18:48:13.873  INFO 3772 --- [main] o.s.b.w.embedded.tomcat.TomcatWebServer  : Tomcat started on port(s): 8080 (http) with context path '/ebanking'
2024-10-04 18:48:13.886  INFO 3772 --- [main] c.p.b.BankingapplicationApplication      : Started BankingapplicationApplication in 4.082 seconds (JVM running for 4.356)
2024-10-04 18:49:04.068  INFO 3772 --- [http-nio-8080-exec-1] o.a.c.c.C.[.[localhost].[/ebanking]      : Initializing Spring DispatcherServlet 'dispatcherServlet'
2024-10-04 18:49:04.069  INFO 3772 --- [http-nio-8080-exec-1] o.s.web.servlet.DispatcherServlet        : Initializing Servlet 'dispatcherServlet'
2024-10-04 18:49:04.070  INFO 3772 --- [http-nio-8080-exec-1] o.s.web.servlet.DispatcherServlet        : Completed initialization in 1 ms
2024-10-04 18:49:04.148 DEBUG 3772 --- [http-nio-8080-exec-2] c.p.b.controller.LoginController         : Debug Occured
2024-10-04 18:49:04.170 DEBUG 3772 --- [http-nio-8080-exec-2] c.p.b.s.Implementation.LoginServiceImpl  : Debug Occured
2024-10-04 18:49:09.917 DEBUG 3772 --- [http-nio-8080-exec-3] c.p.b.c.NewApplicationController         : Debug Occured
2024-10-04 18:49:13.797 DEBUG 3772 --- [http-nio-8080-exec-4] c.p.b.controller.LoginController         : Debug Occured
2024-10-04 18:49:13.804 DEBUG 3772 --- [http-nio-8080-exec-4] c.p.b.s.I.CustomerServiceImpl            : Debug Occured
2024-10-04 18:49:29.077 DEBUG 3772 --- [http-nio-8080-exec-5] c.p.b.controller.LoginController         : Debug Occured
2024-10-04 18:49:29.078 DEBUG 3772 --- [http-nio-8080-exec-5] c.p.b.s.Implementation.LoginServiceImpl  : Debug Occured
2024-10-04 18:49:35.426 DEBUG 3772 --- [http-nio-8080-exec-6] c.p.b.controller.LoginController         : Debug Occured
2024-10-04 18:49:35.432 DEBUG 3772 --- [http-nio-8080-exec-6] c.p.b.s.I.TransactionServiceImpl         : Debug Occured
2024-10-04 18:49:58.516 DEBUG 3772 --- [http-nio-8080-exec-8] c.p.b.controller.CustomerController      : Debug Occured
2024-10-04 18:49:58.518 DEBUG 3772 --- [http-nio-8080-exec-8] c.p.b.s.I.CustomerServiceImpl            : Debug Occured
2024-10-04 18:50:24.860 DEBUG 3772 --- [http-nio-8080-exec-9] c.p.b.controller.CustomerController      : Debug Occured
2024-10-04 18:50:24.862 DEBUG 3772 --- [http-nio-8080-exec-9] c.p.b.s.I.CustomerServiceImpl            : Debug Occured
2024-10-04 18:52:15.732 DEBUG 3772 --- [http-nio-8080-exec-1] c.p.b.controller.CustomerController      : Debug Occured
2024-10-04 18:52:15.735 DEBUG 3772 --- [http-nio-8080-exec-1] c.p.b.s.I.CustomerServiceImpl            : Debug Occured
2024-10-04 18:55:15.316 DEBUG 3772 --- [http-nio-8080-exec-3] c.p.b.controller.LoginController         : Debug Occured
2024-10-04 18:55:15.318 DEBUG 3772 --- [http-nio-8080-exec-3] c.p.b.s.Implementation.LoginServiceImpl  : Debug Occured
2024-10-04 18:55:26.213 DEBUG 3772 --- [http-nio-8080-exec-4] c.p.b.controller.LoginController         : Debug Occured
2024-10-04 18:55:26.215 DEBUG 3772 --- [http-nio-8080-exec-4] c.p.b.s.Implementation.LoginServiceImpl  : Debug Occured
